2023-12-25 13:31:27,935 logger_todoist_bot DEBUG. Function get_projects_names.
User's action: Got names of projects. 
_________________________________________________

2023-12-25 13:31:27,941 logger_todoist_bot DEBUG. Function write_projects.
Chat_id: 929774228. User's action: Made buttons of projects, prefix: Get description from: . 
_________________________________________________

2023-12-25 13:31:29,813 logger_todoist_bot DEBUG. Function get_project_id.
User's action: Got id for project 'Котик больше не может сломать ботика :(': 2325489391. 
_________________________________________________

2023-12-25 13:31:30,440 logger_todoist_bot DEBUG. Function get_tasks.
User's action: Got all tasks from project 'Котик больше не может сломать ботика :('. 
_________________________________________________

2023-12-25 13:31:30,441 logger_todoist_bot DEBUG. Function write_tasks.
Chat_id: 929774228. User's action: Attempt to make buttons of tasks, (1) found. get_prefix=Get description from: , set_prefix = Task description: . Username: existingone. 
_________________________________________________

2023-12-25 13:31:30,533 logger_todoist_bot DEBUG. Function get_desc_proj.
User's action: Input of project's name for future getting description of a task. Username: existingone. 
_________________________________________________

2023-12-25 13:31:32,537 logger_todoist_bot DEBUG. Function get_project_id.
User's action: Got id for project 'Котик больше не может сломать ботика :(': 2325489391. 
_________________________________________________

2023-12-25 13:31:33,069 logger_todoist_bot DEBUG. Function get_task_description.
User's action: Successfully got task description for task 'Ломаем ращ' from project 'Котик больше не может сломать ботика :('. 
_________________________________________________

2023-12-25 13:31:33,070 logger_todoist_bot DEBUG. Function get_desc_task.
Chat_id: 929774228. User's action: Got description for task Ломаем ращ from project Котик больше не может сломать ботика :(. Username: existingone. User's message: Task description: Ломаем ращ.
_________________________________________________

2023-12-25 13:33:16,666 logger_todoist_bot DEBUG. Function get_projects_names.
User's action: Got names of projects. 
_________________________________________________

2023-12-25 13:34:00,637 logger_todoist_bot DEBUG. Function get_projects_names.
User's action: Got names of projects. 
_________________________________________________

2023-12-25 13:34:00,638 logger_todoist_bot DEBUG. Function write_projects.
Chat_id: 788136989. User's action: Made buttons of projects, prefix: Add task to: . 
_________________________________________________

2023-12-25 13:34:36,511 logger_todoist_bot DEBUG. Function get_project_id.
User's action: Got id for project 'ЗАВТРА ЗАЩИТА': 2325524929. 
_________________________________________________

2023-12-25 13:34:37,291 logger_todoist_bot DEBUG. Function add_task.
User's action: Successfully added task 'today' to project 'ЗАВТРА ЗАЩИТА'. 
_________________________________________________

2023-12-25 13:34:37,387 logger_todoist_bot DEBUG. Function add_task_wrapper.
User's action: Task 'today' has been successfully added to project 'ЗАВТРА ЗАЩИТА' Username: arisharomashkina. 
_________________________________________________

